{"timestamp": "2025-11-01T08:54:26.577705Z", "level": "info", "event": "Initializing ApiKeyManager"}
{"timestamp": "2025-11-01T08:54:26.578601Z", "level": "info", "event": "OPENAI_API_KEY loaded successfully from environment"}
{"timestamp": "2025-11-01T08:54:26.578601Z", "level": "info", "event": "GOOGLE_API_KEY loaded successfully from environment"}
{"timestamp": "2025-11-01T08:54:26.578601Z", "level": "info", "event": "GROQ_API_KEY loaded successfully from environment"}
{"path": "C:\\Users\\shank\\Downloads\\LLMOPs\\My_Code\\AutomatedResearchReportGeneration\\research_and_analyst\\config\\configuration.yaml", "keys": ["astra_db", "embedding_model", "retriever", "llm"], "timestamp": "2025-11-01T08:54:26.581671Z", "level": "info", "event": "Configuration loaded successfully"}
{"config_keys": ["astra_db", "embedding_model", "retriever", "llm"], "timestamp": "2025-11-01T08:54:26.581671Z", "level": "info", "event": "YAML configuration loaded successfully"}
{"provider": "openai", "model": "gpt-4o", "timestamp": "2025-11-01T08:54:26.581671Z", "level": "info", "event": "Loading LLM"}
{"provider": "openai", "model": "gpt-4o", "timestamp": "2025-11-01T08:54:27.574705Z", "level": "info", "event": "LLM loaded successfully"}
{"module": "AutonomousReportGenerator", "timestamp": "2025-11-01T08:54:27.575694Z", "level": "info", "event": "Building report generation graph"}
{"module": "InterviewGraphBuilder", "timestamp": "2025-11-01T08:54:27.577196Z", "level": "info", "event": "Building Interview Graph workflow"}
{"module": "InterviewGraphBuilder", "timestamp": "2025-11-01T08:54:27.588757Z", "level": "info", "event": "Interview Graph compiled successfully"}
{"module": "AutonomousReportGenerator", "timestamp": "2025-11-01T08:54:27.596761Z", "level": "info", "event": "Report generation graph built successfully"}
{"module": "ReportService", "topic": "Let's talk about astrology, how it is a backbone in human nature and behaviour", "thread_id": "8adf8379-f8b0-43b4-80eb-271f47980dcd", "timestamp": "2025-11-01T08:54:27.597279Z", "level": "info", "event": "Starting report pipeline"}
{"module": "AutonomousReportGenerator", "topic": "Let's talk about astrology, how it is a backbone in human nature and behaviour", "timestamp": "2025-11-01T08:54:27.600289Z", "level": "info", "event": "Creating analyst personas"}
HTTP Request: POST https://api.openai.com/v1/chat/completions "HTTP/1.1 200 OK"
{"module": "AutonomousReportGenerator", "count": 3, "timestamp": "2025-11-01T08:54:31.365633Z", "level": "info", "event": "Analysts created"}
{"timestamp": "2025-11-01T08:54:50.543157Z", "level": "info", "event": "Initializing ApiKeyManager"}
{"timestamp": "2025-11-01T08:54:50.544138Z", "level": "info", "event": "OPENAI_API_KEY loaded successfully from environment"}
{"timestamp": "2025-11-01T08:54:50.544138Z", "level": "info", "event": "GOOGLE_API_KEY loaded successfully from environment"}
{"timestamp": "2025-11-01T08:54:50.544138Z", "level": "info", "event": "GROQ_API_KEY loaded successfully from environment"}
{"path": "C:\\Users\\shank\\Downloads\\LLMOPs\\My_Code\\AutomatedResearchReportGeneration\\research_and_analyst\\config\\configuration.yaml", "keys": ["astra_db", "embedding_model", "retriever", "llm"], "timestamp": "2025-11-01T08:54:50.545140Z", "level": "info", "event": "Configuration loaded successfully"}
{"config_keys": ["astra_db", "embedding_model", "retriever", "llm"], "timestamp": "2025-11-01T08:54:50.546645Z", "level": "info", "event": "YAML configuration loaded successfully"}
{"provider": "openai", "model": "gpt-4o", "timestamp": "2025-11-01T08:54:50.546645Z", "level": "info", "event": "Loading LLM"}
{"provider": "openai", "model": "gpt-4o", "timestamp": "2025-11-01T08:54:50.547166Z", "level": "info", "event": "LLM loaded successfully"}
{"module": "AutonomousReportGenerator", "timestamp": "2025-11-01T08:54:50.547795Z", "level": "info", "event": "Building report generation graph"}
{"module": "InterviewGraphBuilder", "timestamp": "2025-11-01T08:54:50.547795Z", "level": "info", "event": "Building Interview Graph workflow"}
{"module": "InterviewGraphBuilder", "timestamp": "2025-11-01T08:54:50.558890Z", "level": "info", "event": "Interview Graph compiled successfully"}
{"module": "AutonomousReportGenerator", "timestamp": "2025-11-01T08:54:50.564898Z", "level": "info", "event": "Report generation graph built successfully"}
{"module": "ReportService", "thread_id": "8adf8379-f8b0-43b4-80eb-271f47980dcd", "timestamp": "2025-11-01T08:54:50.566407Z", "level": "info", "event": "Feedback updated"}
{"module": "InterviewGraphBuilder", "analyst": "Dr. Celeste Harmon", "timestamp": "2025-11-01T08:54:50.572593Z", "level": "info", "event": "Generating analyst question"}
{"module": "InterviewGraphBuilder", "analyst": "James O'Connor", "timestamp": "2025-11-01T08:54:50.573595Z", "level": "info", "event": "Generating analyst question"}
{"module": "InterviewGraphBuilder", "analyst": "Dr. Maya Singh", "timestamp": "2025-11-01T08:54:50.574595Z", "level": "info", "event": "Generating analyst question"}
HTTP Request: POST https://api.openai.com/v1/chat/completions "HTTP/1.1 200 OK"
{"module": "InterviewGraphBuilder", "question_preview": "Hello, Dr. Singh. My name is Alex Thompson, and I'm fascinated by the cultural aspects of astrology. I'm eager to understand how astrology has historically influenced cultural identities and social be", "timestamp": "2025-11-01T08:54:52.528387Z", "level": "info", "event": "Question generated successfully"}
{"module": "InterviewGraphBuilder", "timestamp": "2025-11-01T08:54:52.540423Z", "level": "info", "event": "Generating search query from conversation"}
HTTP Request: POST https://api.openai.com/v1/chat/completions "HTTP/1.1 200 OK"
{"module": "InterviewGraphBuilder", "question_preview": "Hello, I'm Alex Carter, a researcher with a keen interest in the intersection of psychology and astrology. I'm thrilled to have the opportunity to speak with you today. To start, could you share how a", "timestamp": "2025-11-01T08:54:52.677214Z", "level": "info", "event": "Question generated successfully"}
{"module": "InterviewGraphBuilder", "timestamp": "2025-11-01T08:54:52.686746Z", "level": "info", "event": "Generating search query from conversation"}
HTTP Request: POST https://api.openai.com/v1/chat/completions "HTTP/1.1 200 OK"
{"module": "InterviewGraphBuilder", "question_preview": "Hello, I'm Alex Thompson, a science journalist with a keen interest in understanding the line between science and pseudoscience. I'm here to delve into the claims of astrology and its supposed influen", "timestamp": "2025-11-01T08:54:52.927276Z", "level": "info", "event": "Question generated successfully"}
{"module": "InterviewGraphBuilder", "timestamp": "2025-11-01T08:54:52.938350Z", "level": "info", "event": "Generating search query from conversation"}
HTTP Request: POST https://api.openai.com/v1/chat/completions "HTTP/1.1 200 OK"
{"module": "InterviewGraphBuilder", "query": "historical influence of astrology on cultural identity and social behavior", "timestamp": "2025-11-01T08:54:53.439715Z", "level": "info", "event": "Performing arxiv doc search"}
Requesting page (first: True, try: 0): https://export.arxiv.org/api/query?search_query=historical+influence+of+astrology+on+cultural+identity+and+social+behavior&id_list=&sortBy=relevance&sortOrder=descending&start=0&max_results=100
HTTP Request: POST https://api.openai.com/v1/chat/completions "HTTP/1.1 200 OK"
{"module": "InterviewGraphBuilder", "query": "how astrological signs and planetary movements influence human behavior and personality traits", "timestamp": "2025-11-01T08:54:53.514138Z", "level": "info", "event": "Performing Tavily web search"}
HTTP Request: POST https://api.openai.com/v1/chat/completions "HTTP/1.1 200 OK"
{"module": "InterviewGraphBuilder", "query": "examples of astrology influence on human behavior and lack of empirical support", "timestamp": "2025-11-01T08:54:53.732595Z", "level": "info", "event": "Performing arxiv doc search"}
Requesting page (first: True, try: 0): https://export.arxiv.org/api/query?search_query=examples+of+astrology+influence+on+human+behavior+and+lack+of+empirical+support&id_list=&sortBy=relevance&sortOrder=descending&start=0&max_results=100
HTTP Request: POST https://api.openai.com/v1/chat/completions "HTTP/1.1 200 OK"
{"module": "InterviewGraphBuilder", "query": "how astrological signs and planetary movements influence human behavior and personality traits", "timestamp": "2025-11-01T08:54:53.765217Z", "level": "info", "event": "Performing serper web search"}
HTTP Request: POST https://api.openai.com/v1/chat/completions "HTTP/1.1 200 OK"
{"module": "InterviewGraphBuilder", "query": "historical influence of astrology on cultural identity and social behavior", "timestamp": "2025-11-01T08:54:53.783330Z", "level": "info", "event": "Performing serper web search"}
HTTP Request: POST https://api.openai.com/v1/chat/completions "HTTP/1.1 200 OK"
{"module": "InterviewGraphBuilder", "query": "historical influence of astrology on cultural identity and social behavior", "timestamp": "2025-11-01T08:54:54.001209Z", "level": "info", "event": "Performing Tavily web search"}
HTTP Request: POST https://api.openai.com/v1/chat/completions "HTTP/1.1 200 OK"
{"module": "InterviewGraphBuilder", "query": "how do astrological signs and planetary movements influence human behavior and personality traits", "timestamp": "2025-11-01T08:54:54.017348Z", "level": "info", "event": "Performing arxiv doc search"}
Requesting page (first: True, try: 0): https://export.arxiv.org/api/query?search_query=how+do+astrological+signs+and+planetary+movements+influence+human+behavior+and+personality+traits&id_list=&sortBy=relevance&sortOrder=descending&start=0&max_results=100
HTTP Request: POST https://api.openai.com/v1/chat/completions "HTTP/1.1 200 OK"
{"module": "InterviewGraphBuilder", "query": "examples of astrology influence on human behavior and lack of empirical support", "timestamp": "2025-11-01T08:54:54.302004Z", "level": "info", "event": "Performing serper web search"}
Got first page: 10 of 2871006 total results
{"module": "InterviewGraphBuilder", "result_count": 2584, "timestamp": "2025-11-01T08:54:54.386218Z", "level": "info", "event": "Arxiv doc search completed"}
HTTP Request: POST https://api.openai.com/v1/chat/completions "HTTP/1.1 200 OK"
{"module": "InterviewGraphBuilder", "query": "examples of astrology influence on human behavior and lack of empirical support", "timestamp": "2025-11-01T08:54:54.646429Z", "level": "info", "event": "Performing Tavily web search"}
Got first page: 20 of 2807026 total results
{"module": "InterviewGraphBuilder", "result_count": 3303, "timestamp": "2025-11-01T08:54:55.232387Z", "level": "info", "event": "Arxiv doc search completed"}
{"module": "InterviewGraphBuilder", "result_count": 1458, "timestamp": "2025-11-01T08:54:55.510200Z", "level": "info", "event": "Serper Web search completed"}
Got first page: 100 of 2871037 total results
{"module": "InterviewGraphBuilder", "result_count": 2205, "timestamp": "2025-11-01T08:54:55.626374Z", "level": "info", "event": "Arxiv doc search completed"}
{"module": "InterviewGraphBuilder", "result_count": 1503, "timestamp": "2025-11-01T08:54:55.663710Z", "level": "info", "event": "Serper Web search completed"}
{"module": "InterviewGraphBuilder", "result_count": 1529, "timestamp": "2025-11-01T08:54:56.099384Z", "level": "info", "event": "Serper Web search completed"}
{"module": "InterviewGraphBuilder", "result_count": 5, "timestamp": "2025-11-01T08:54:56.525347Z", "level": "info", "event": "Tavily Web search completed"}
{"module": "InterviewGraphBuilder", "analyst": "Dr. Celeste Harmon", "timestamp": "2025-11-01T08:54:56.526347Z", "level": "info", "event": "Generating expert answer"}
{"module": "InterviewGraphBuilder", "result_count": 5, "timestamp": "2025-11-01T08:54:57.109381Z", "level": "info", "event": "Tavily Web search completed"}
{"module": "InterviewGraphBuilder", "analyst": "James O'Connor", "timestamp": "2025-11-01T08:54:57.110373Z", "level": "info", "event": "Generating expert answer"}
{"module": "InterviewGraphBuilder", "result_count": 5, "timestamp": "2025-11-01T08:54:57.889561Z", "level": "info", "event": "Tavily Web search completed"}
{"module": "InterviewGraphBuilder", "analyst": "Dr. Maya Singh", "timestamp": "2025-11-01T08:54:57.890566Z", "level": "info", "event": "Generating expert answer"}
HTTP Request: POST https://api.openai.com/v1/chat/completions "HTTP/1.1 200 OK"
{"module": "InterviewGraphBuilder", "preview": "Expert: Astrology posits that the positions of celestial bodies at the time of one's birth can influence personality traits and life outcomes. However, there is an overwhelming lack of scientific supp", "timestamp": "2025-11-01T08:55:02.600914Z", "level": "info", "event": "Expert answer generated successfully"}
{"module": "InterviewGraphBuilder", "message_count": 3, "timestamp": "2025-11-01T08:55:02.600914Z", "level": "info", "event": "Interview transcript saved"}
{"module": "InterviewGraphBuilder", "analyst": "James O'Connor", "timestamp": "2025-11-01T08:55:02.602418Z", "level": "info", "event": "Generating report section"}
HTTP Request: POST https://api.openai.com/v1/chat/completions "HTTP/1.1 200 OK"
{"module": "InterviewGraphBuilder", "preview": "Expert: Astrology posits that the positions of celestial bodies at the time of one's birth significantly influence personality traits and behaviors. Each planet is associated with specific qualities t", "timestamp": "2025-11-01T08:55:03.315646Z", "level": "info", "event": "Expert answer generated successfully"}
{"module": "InterviewGraphBuilder", "message_count": 3, "timestamp": "2025-11-01T08:55:03.317163Z", "level": "info", "event": "Interview transcript saved"}
{"module": "InterviewGraphBuilder", "analyst": "Dr. Celeste Harmon", "timestamp": "2025-11-01T08:55:03.317806Z", "level": "info", "event": "Generating report section"}
HTTP Request: POST https://api.openai.com/v1/chat/completions "HTTP/1.1 200 OK"
{"module": "InterviewGraphBuilder", "preview": "Expert: Astrology has indeed played a significant role in shaping cultural identities and social behaviors across various societies throughout history. For instance, in Roman society, astrology was no", "timestamp": "2025-11-01T08:55:04.914120Z", "level": "info", "event": "Expert answer generated successfully"}
{"module": "InterviewGraphBuilder", "message_count": 3, "timestamp": "2025-11-01T08:55:04.915124Z", "level": "info", "event": "Interview transcript saved"}
{"module": "InterviewGraphBuilder", "analyst": "Dr. Maya Singh", "timestamp": "2025-11-01T08:55:04.915124Z", "level": "info", "event": "Generating report section"}
HTTP Request: POST https://api.openai.com/v1/chat/completions "HTTP/1.1 200 OK"
{"module": "InterviewGraphBuilder", "length": 4572, "timestamp": "2025-11-01T08:55:21.009283Z", "level": "info", "event": "Report section generated successfully"}
HTTP Request: POST https://api.openai.com/v1/chat/completions "HTTP/1.1 200 OK"
{"module": "InterviewGraphBuilder", "length": 4370, "timestamp": "2025-11-01T08:55:21.605618Z", "level": "info", "event": "Report section generated successfully"}
HTTP Request: POST https://api.openai.com/v1/chat/completions "HTTP/1.1 200 OK"
{"module": "InterviewGraphBuilder", "length": 4795, "timestamp": "2025-11-01T08:55:24.042554Z", "level": "info", "event": "Report section generated successfully"}
{"module": "AutonomousReportGenerator", "topic": "Let's talk about astrology, how it is a backbone in human nature and behaviour", "timestamp": "2025-11-01T08:55:24.044542Z", "level": "info", "event": "Generating conclusion"}
{"module": "AutonomousReportGenerator", "topic": "Let's talk about astrology, how it is a backbone in human nature and behaviour", "timestamp": "2025-11-01T08:55:24.044542Z", "level": "info", "event": "Generating introduction"}
{"module": "AutonomousReportGenerator", "topic": "Let's talk about astrology, how it is a backbone in human nature and behaviour", "timestamp": "2025-11-01T08:55:24.044542Z", "level": "info", "event": "Writing report"}
HTTP Request: POST https://api.openai.com/v1/chat/completions "HTTP/1.1 200 OK"
{"module": "AutonomousReportGenerator", "length": 823, "timestamp": "2025-11-01T08:55:27.796626Z", "level": "info", "event": "Introduction generated"}
HTTP Request: POST https://api.openai.com/v1/chat/completions "HTTP/1.1 200 OK"
{"module": "AutonomousReportGenerator", "length": 821, "timestamp": "2025-11-01T08:55:27.992509Z", "level": "info", "event": "Conclusion generated"}
HTTP Request: POST https://api.openai.com/v1/chat/completions "HTTP/1.1 200 OK"
{"module": "AutonomousReportGenerator", "timestamp": "2025-11-01T08:55:35.832345Z", "level": "info", "event": "Report written successfully"}
{"module": "AutonomousReportGenerator", "timestamp": "2025-11-01T08:55:35.833343Z", "level": "info", "event": "Finalizing report compilation"}
{"module": "AutonomousReportGenerator", "timestamp": "2025-11-01T08:55:35.833343Z", "level": "info", "event": "Report finalized"}
{"module": "AutonomousReportGenerator", "topic": "Let's talk about astrology, how it is a backbone in human nature and behaviour", "format": "docx", "timestamp": "2025-11-01T08:55:35.834343Z", "level": "info", "event": "Saving report"}
{"module": "AutonomousReportGenerator", "path": "C:\\Users\\shank\\Downloads\\LLMOPs\\My_Code\\AutomatedResearchReportGeneration\\generated_report\\Let_s_talk_about_astrology_how_it_is_a_backbone_in_human_nat_50da78a4_20251101_142535\\Let_s_talk_about_astrology_how_it_is_a_backbone_in_human_nat_50da78a4_20251101_142535.docx", "error": "[Errno 2] No such file or directory: 'C:\\\\Users\\\\shank\\\\Downloads\\\\LLMOPs\\\\My_Code\\\\AutomatedResearchReportGeneration\\\\generated_report\\\\Let_s_talk_about_astrology_how_it_is_a_backbone_in_human_nat_50da78a4_20251101_142535\\\\Let_s_talk_about_astrology_how_it_is_a_backbone_in_human_nat_50da78a4_20251101_142535.docx'", "timestamp": "2025-11-01T08:55:35.855527Z", "level": "error", "event": "DOCX save failed"}
{"module": "AutonomousReportGenerator", "error": "Error in [C:\\Users\\shank\\AppData\\Roaming\\uv\\python\\cpython-3.11.13-windows-x86_64-none\\Lib\\zipfile.py] at line [1295] | Message: Error saving DOCX report\nTraceback:\nTraceback (most recent call last):\n  File \"C:\\Users\\shank\\Downloads\\LLMOPs\\My_Code\\AutomatedResearchReportGeneration\\research_and_analyst\\workflows\\report_generator_workflow.py\", line 240, in _save_as_docx\n    doc.save(file_path)\n  File \"C:\\Users\\shank\\Downloads\\LLMOPs\\My_Code\\AutomatedResearchReportGeneration\\.venv\\Lib\\site-packages\\docx\\document.py\", line 204, in save\n    self._part.save(path_or_stream)\n  File \"C:\\Users\\shank\\Downloads\\LLMOPs\\My_Code\\AutomatedResearchReportGeneration\\.venv\\Lib\\site-packages\\docx\\parts\\document.py\", line 114, in save\n    self.package.save(path_or_stream)\n  File \"C:\\Users\\shank\\Downloads\\LLMOPs\\My_Code\\AutomatedResearchReportGeneration\\.venv\\Lib\\site-packages\\docx\\opc\\package.py\", line 166, in save\n    PackageWriter.write(pkg_file, self.rels, self.parts)\n  File \"C:\\Users\\shank\\Downloads\\LLMOPs\\My_Code\\AutomatedResearchReportGeneration\\.venv\\Lib\\site-packages\\docx\\opc\\pkgwriter.py\", line 34, in write\n    phys_writer = PhysPkgWriter(pkg_file)\n                  ^^^^^^^^^^^^^^^^^^^^^^^\n  File \"C:\\Users\\shank\\Downloads\\LLMOPs\\My_Code\\AutomatedResearchReportGeneration\\.venv\\Lib\\site-packages\\docx\\opc\\phys_pkg.py\", line 109, in __init__\n    self._zipf = ZipFile(pkg_file, \"w\", compression=ZIP_DEFLATED)\n                 ^^^^^^^^^^^^^^^^^^^^^^^^^^^^^^^^^^^^^^^^^^^^^^^^\n  File \"C:\\Users\\shank\\AppData\\Roaming\\uv\\python\\cpython-3.11.13-windows-x86_64-none\\Lib\\zipfile.py\", line 1295, in __init__\n    self.fp = io.open(file, filemode)\n              ^^^^^^^^^^^^^^^^^^^^^^^\nFileNotFoundError: [Errno 2] No such file or directory: 'C:\\\\Users\\\\shank\\\\Downloads\\\\LLMOPs\\\\My_Code\\\\AutomatedResearchReportGeneration\\\\generated_report\\\\Let_s_talk_about_astrology_how_it_is_a_backbone_in_human_nat_50da78a4_20251101_142535\\\\Let_s_talk_about_astrology_how_it_is_a_backbone_in_human_nat_50da78a4_20251101_142535.docx'\n", "timestamp": "2025-11-01T08:55:35.881300Z", "level": "error", "event": "Error saving report"}
{"module": "ReportService", "error": "Error in [C:\\Users\\shank\\Downloads\\LLMOPs\\My_Code\\AutomatedResearchReportGeneration\\research_and_analyst\\workflows\\report_generator_workflow.py] at line [243] | Message: Failed to save report file\nTraceback:\nTraceback (most recent call last):\n  File \"C:\\Users\\shank\\Downloads\\LLMOPs\\My_Code\\AutomatedResearchReportGeneration\\research_and_analyst\\workflows\\report_generator_workflow.py\", line 240, in _save_as_docx\n    doc.save(file_path)\n  File \"C:\\Users\\shank\\Downloads\\LLMOPs\\My_Code\\AutomatedResearchReportGeneration\\.venv\\Lib\\site-packages\\docx\\document.py\", line 204, in save\n    self._part.save(path_or_stream)\n  File \"C:\\Users\\shank\\Downloads\\LLMOPs\\My_Code\\AutomatedResearchReportGeneration\\.venv\\Lib\\site-packages\\docx\\parts\\document.py\", line 114, in save\n    self.package.save(path_or_stream)\n  File \"C:\\Users\\shank\\Downloads\\LLMOPs\\My_Code\\AutomatedResearchReportGeneration\\.venv\\Lib\\site-packages\\docx\\opc\\package.py\", line 166, in save\n    PackageWriter.write(pkg_file, self.rels, self.parts)\n  File \"C:\\Users\\shank\\Downloads\\LLMOPs\\My_Code\\AutomatedResearchReportGeneration\\.venv\\Lib\\site-packages\\docx\\opc\\pkgwriter.py\", line 34, in write\n    phys_writer = PhysPkgWriter(pkg_file)\n                  ^^^^^^^^^^^^^^^^^^^^^^^\n  File \"C:\\Users\\shank\\Downloads\\LLMOPs\\My_Code\\AutomatedResearchReportGeneration\\.venv\\Lib\\site-packages\\docx\\opc\\phys_pkg.py\", line 109, in __init__\n    self._zipf = ZipFile(pkg_file, \"w\", compression=ZIP_DEFLATED)\n                 ^^^^^^^^^^^^^^^^^^^^^^^^^^^^^^^^^^^^^^^^^^^^^^^^\n  File \"C:\\Users\\shank\\AppData\\Roaming\\uv\\python\\cpython-3.11.13-windows-x86_64-none\\Lib\\zipfile.py\", line 1295, in __init__\n    self.fp = io.open(file, filemode)\n              ^^^^^^^^^^^^^^^^^^^^^^^\nFileNotFoundError: [Errno 2] No such file or directory: 'C:\\\\Users\\\\shank\\\\Downloads\\\\LLMOPs\\\\My_Code\\\\AutomatedResearchReportGeneration\\\\generated_report\\\\Let_s_talk_about_astrology_how_it_is_a_backbone_in_human_nat_50da78a4_20251101_142535\\\\Let_s_talk_about_astrology_how_it_is_a_backbone_in_human_nat_50da78a4_20251101_142535.docx'\n\nDuring handling of the above exception, another exception occurred:\n\nTraceback (most recent call last):\n  File \"C:\\Users\\shank\\Downloads\\LLMOPs\\My_Code\\AutomatedResearchReportGeneration\\research_and_analyst\\workflows\\report_generator_workflow.py\", line 213, in save_report\n    self._save_as_docx(final_report, file_path)\n  File \"C:\\Users\\shank\\Downloads\\LLMOPs\\My_Code\\AutomatedResearchReportGeneration\\research_and_analyst\\workflows\\report_generator_workflow.py\", line 243, in _save_as_docx\n    raise ResearchAnalystException(\"Error saving DOCX report\", e)\nresearch_and_analyst.exception.custom_exception.ResearchAnalystException: Error in [C:\\Users\\shank\\AppData\\Roaming\\uv\\python\\cpython-3.11.13-windows-x86_64-none\\Lib\\zipfile.py] at line [1295] | Message: Error saving DOCX report\nTraceback:\nTraceback (most recent call last):\n  File \"C:\\Users\\shank\\Downloads\\LLMOPs\\My_Code\\AutomatedResearchReportGeneration\\research_and_analyst\\workflows\\report_generator_workflow.py\", line 240, in _save_as_docx\n    doc.save(file_path)\n  File \"C:\\Users\\shank\\Downloads\\LLMOPs\\My_Code\\AutomatedResearchReportGeneration\\.venv\\Lib\\site-packages\\docx\\document.py\", line 204, in save\n    self._part.save(path_or_stream)\n  File \"C:\\Users\\shank\\Downloads\\LLMOPs\\My_Code\\AutomatedResearchReportGeneration\\.venv\\Lib\\site-packages\\docx\\parts\\document.py\", line 114, in save\n    self.package.save(path_or_stream)\n  File \"C:\\Users\\shank\\Downloads\\LLMOPs\\My_Code\\AutomatedResearchReportGeneration\\.venv\\Lib\\site-packages\\docx\\opc\\package.py\", line 166, in save\n    PackageWriter.write(pkg_file, self.rels, self.parts)\n  File \"C:\\Users\\shank\\Downloads\\LLMOPs\\My_Code\\AutomatedResearchReportGeneration\\.venv\\Lib\\site-packages\\docx\\opc\\pkgwriter.py\", line 34, in write\n    phys_writer = PhysPkgWriter(pkg_file)\n                  ^^^^^^^^^^^^^^^^^^^^^^^\n  File \"C:\\Users\\shank\\Downloads\\LLMOPs\\My_Code\\AutomatedResearchReportGeneration\\.venv\\Lib\\site-packages\\docx\\opc\\phys_pkg.py\", line 109, in __init__\n    self._zipf = ZipFile(pkg_file, \"w\", compression=ZIP_DEFLATED)\n                 ^^^^^^^^^^^^^^^^^^^^^^^^^^^^^^^^^^^^^^^^^^^^^^^^\n  File \"C:\\Users\\shank\\AppData\\Roaming\\uv\\python\\cpython-3.11.13-windows-x86_64-none\\Lib\\zipfile.py\", line 1295, in __init__\n    self.fp = io.open(file, filemode)\n              ^^^^^^^^^^^^^^^^^^^^^^^\nFileNotFoundError: [Errno 2] No such file or directory: 'C:\\\\Users\\\\shank\\\\Downloads\\\\LLMOPs\\\\My_Code\\\\AutomatedResearchReportGeneration\\\\generated_report\\\\Let_s_talk_about_astrology_how_it_is_a_backbone_in_human_nat_50da78a4_20251101_142535\\\\Let_s_talk_about_astrology_how_it_is_a_backbone_in_human_nat_50da78a4_20251101_142535.docx'\n\n", "timestamp": "2025-11-01T08:55:35.883303Z", "level": "error", "event": "Error fetching report status"}
{"timestamp": "2025-11-01T09:02:34.611518Z", "level": "info", "event": "Initializing ApiKeyManager"}
{"timestamp": "2025-11-01T09:02:34.611518Z", "level": "info", "event": "OPENAI_API_KEY loaded successfully from environment"}
{"timestamp": "2025-11-01T09:02:34.611518Z", "level": "info", "event": "GOOGLE_API_KEY loaded successfully from environment"}
{"timestamp": "2025-11-01T09:02:34.611518Z", "level": "info", "event": "GROQ_API_KEY loaded successfully from environment"}
{"path": "C:\\Users\\shank\\Downloads\\LLMOPs\\My_Code\\AutomatedResearchReportGeneration\\research_and_analyst\\config\\configuration.yaml", "keys": ["astra_db", "embedding_model", "retriever", "llm"], "timestamp": "2025-11-01T09:02:34.619856Z", "level": "info", "event": "Configuration loaded successfully"}
{"config_keys": ["astra_db", "embedding_model", "retriever", "llm"], "timestamp": "2025-11-01T09:02:34.619856Z", "level": "info", "event": "YAML configuration loaded successfully"}
{"provider": "openai", "model": "gpt-4o", "timestamp": "2025-11-01T09:02:34.619856Z", "level": "info", "event": "Loading LLM"}
{"provider": "openai", "model": "gpt-4o", "timestamp": "2025-11-01T09:02:34.620858Z", "level": "info", "event": "LLM loaded successfully"}
{"module": "AutonomousReportGenerator", "timestamp": "2025-11-01T09:02:34.620858Z", "level": "info", "event": "Building report generation graph"}
{"module": "InterviewGraphBuilder", "timestamp": "2025-11-01T09:02:34.622860Z", "level": "info", "event": "Building Interview Graph workflow"}
{"module": "InterviewGraphBuilder", "timestamp": "2025-11-01T09:02:34.633884Z", "level": "info", "event": "Interview Graph compiled successfully"}
{"module": "AutonomousReportGenerator", "timestamp": "2025-11-01T09:02:34.641004Z", "level": "info", "event": "Report generation graph built successfully"}
{"module": "ReportService", "thread_id": "8adf8379-f8b0-43b4-80eb-271f47980dcd", "timestamp": "2025-11-01T09:02:34.642920Z", "level": "info", "event": "Feedback updated"}
{"module": "InterviewGraphBuilder", "analyst": "James O'Connor", "timestamp": "2025-11-01T09:02:34.650521Z", "level": "info", "event": "Generating analyst question"}
{"module": "InterviewGraphBuilder", "analyst": "Dr. Celeste Harmon", "timestamp": "2025-11-01T09:02:34.650521Z", "level": "info", "event": "Generating analyst question"}
{"module": "InterviewGraphBuilder", "analyst": "Dr. Maya Singh", "timestamp": "2025-11-01T09:02:34.650521Z", "level": "info", "event": "Generating analyst question"}
HTTP Request: POST https://api.openai.com/v1/chat/completions "HTTP/1.1 200 OK"
{"module": "InterviewGraphBuilder", "question_preview": "Hello, I'm Alex Thompson, a researcher in the field of human behavior. I'm fascinated by the intersection of astrology and psychology, and I'm eager to learn more about your work. Could you share some", "timestamp": "2025-11-01T09:02:36.263025Z", "level": "info", "event": "Question generated successfully"}
{"module": "InterviewGraphBuilder", "timestamp": "2025-11-01T09:02:36.271264Z", "level": "info", "event": "Generating search query from conversation"}
HTTP Request: POST https://api.openai.com/v1/chat/completions "HTTP/1.1 200 OK"
{"module": "InterviewGraphBuilder", "question_preview": "Hello, I'm Alex Thompson, a science journalist with a keen interest in understanding the boundaries between science and pseudoscience. I'm here to delve into the claims of astrology and its supposed i", "timestamp": "2025-11-01T09:02:36.495250Z", "level": "info", "event": "Question generated successfully"}
{"module": "InterviewGraphBuilder", "timestamp": "2025-11-01T09:02:36.506822Z", "level": "info", "event": "Generating search query from conversation"}
HTTP Request: POST https://api.openai.com/v1/chat/completions "HTTP/1.1 200 OK"
{"module": "InterviewGraphBuilder", "question_preview": "Hello, I'm Alex Thompson, a researcher in cultural studies. I'm fascinated by the intersection of astrology and cultural identity. Could you share some insights on how astrology has historically influ", "timestamp": "2025-11-01T09:02:36.639302Z", "level": "info", "event": "Question generated successfully"}
{"module": "InterviewGraphBuilder", "timestamp": "2025-11-01T09:02:36.650338Z", "level": "info", "event": "Generating search query from conversation"}
HTTP Request: POST https://api.openai.com/v1/chat/completions "HTTP/1.1 200 OK"
{"module": "InterviewGraphBuilder", "query": "examples of astrology influencing human behavior and personality traits", "timestamp": "2025-11-01T09:02:37.311935Z", "level": "info", "event": "Performing Tavily web search"}
HTTP Request: POST https://api.openai.com/v1/chat/completions "HTTP/1.1 200 OK"
{"module": "InterviewGraphBuilder", "query": "examples of astrology influencing human behavior and personality traits", "timestamp": "2025-11-01T09:02:37.361603Z", "level": "info", "event": "Performing serper web search"}
HTTP Request: POST https://api.openai.com/v1/chat/completions "HTTP/1.1 200 OK"
{"module": "InterviewGraphBuilder", "query": "examples of astrology influence on human behavior and lack of empirical support", "timestamp": "2025-11-01T09:02:37.404902Z", "level": "info", "event": "Performing Tavily web search"}
HTTP Request: POST https://api.openai.com/v1/chat/completions "HTTP/1.1 200 OK"
{"module": "InterviewGraphBuilder", "query": "historical influence of astrology on cultural identities across societies examples", "timestamp": "2025-11-01T09:02:37.423016Z", "level": "info", "event": "Performing serper web search"}
HTTP Request: POST https://api.openai.com/v1/chat/completions "HTTP/1.1 200 OK"
{"module": "InterviewGraphBuilder", "query": "examples of astrology influencing human behavior and personality traits", "timestamp": "2025-11-01T09:02:37.585562Z", "level": "info", "event": "Performing arxiv doc search"}
Requesting page (first: True, try: 0): https://export.arxiv.org/api/query?search_query=examples+of+astrology+influencing+human+behavior+and+personality+traits&id_list=&sortBy=relevance&sortOrder=descending&start=0&max_results=100
HTTP Request: POST https://api.openai.com/v1/chat/completions "HTTP/1.1 200 OK"
HTTP Request: POST https://api.openai.com/v1/chat/completions "HTTP/1.1 200 OK"
HTTP Request: POST https://api.openai.com/v1/chat/completions "HTTP/1.1 200 OK"
{"module": "InterviewGraphBuilder", "query": "examples of astrology influence on human behavior and lack of empirical support", "timestamp": "2025-11-01T09:02:37.743688Z", "level": "info", "event": "Performing arxiv doc search"}
Requesting page (first: True, try: 0): https://export.arxiv.org/api/query?search_query=examples+of+astrology+influence+on+human+behavior+and+lack+of+empirical+support&id_list=&sortBy=relevance&sortOrder=descending&start=0&max_results=100
{"module": "InterviewGraphBuilder", "query": "historical influence of astrology on cultural identities across societies examples", "timestamp": "2025-11-01T09:02:37.745690Z", "level": "info", "event": "Performing Tavily web search"}
{"module": "InterviewGraphBuilder", "query": "historical influence of astrology on cultural identities across societies examples", "timestamp": "2025-11-01T09:02:37.750201Z", "level": "info", "event": "Performing arxiv doc search"}
Requesting page (first: True, try: 0): https://export.arxiv.org/api/query?search_query=historical+influence+of+astrology+on+cultural+identities+across+societies+examples&id_list=&sortBy=relevance&sortOrder=descending&start=0&max_results=100
HTTP Request: POST https://api.openai.com/v1/chat/completions "HTTP/1.1 200 OK"
{"module": "InterviewGraphBuilder", "query": "examples of astrology influence on human behavior and lack of empirical support", "timestamp": "2025-11-01T09:02:37.988200Z", "level": "info", "event": "Performing serper web search"}
Got first page: 100 of 2871037 total results
{"module": "InterviewGraphBuilder", "result_count": 2205, "timestamp": "2025-11-01T09:02:38.684322Z", "level": "info", "event": "Arxiv doc search completed"}
{"module": "InterviewGraphBuilder", "result_count": 5, "timestamp": "2025-11-01T09:02:38.834888Z", "level": "info", "event": "Tavily Web search completed"}
{"module": "InterviewGraphBuilder", "result_count": 1544, "timestamp": "2025-11-01T09:02:39.302309Z", "level": "info", "event": "Serper Web search completed"}
Got first page: 100 of 2869643 total results
{"module": "InterviewGraphBuilder", "result_count": 2847, "timestamp": "2025-11-01T09:02:39.516626Z", "level": "info", "event": "Arxiv doc search completed"}
Got first page: 100 of 2859856 total results
{"module": "InterviewGraphBuilder", "result_count": 2814, "timestamp": "2025-11-01T09:02:39.671451Z", "level": "info", "event": "Arxiv doc search completed"}
{"module": "InterviewGraphBuilder", "result_count": 1455, "timestamp": "2025-11-01T09:02:39.759018Z", "level": "info", "event": "Serper Web search completed"}
{"module": "InterviewGraphBuilder", "analyst": "James O'Connor", "timestamp": "2025-11-01T09:02:39.760025Z", "level": "info", "event": "Generating expert answer"}
{"module": "InterviewGraphBuilder", "result_count": 1529, "timestamp": "2025-11-01T09:02:40.048301Z", "level": "info", "event": "Serper Web search completed"}
{"module": "InterviewGraphBuilder", "result_count": 5, "timestamp": "2025-11-01T09:02:40.160476Z", "level": "info", "event": "Tavily Web search completed"}
{"module": "InterviewGraphBuilder", "analyst": "Dr. Celeste Harmon", "timestamp": "2025-11-01T09:02:40.161476Z", "level": "info", "event": "Generating expert answer"}
{"module": "InterviewGraphBuilder", "result_count": 5, "timestamp": "2025-11-01T09:02:40.966343Z", "level": "info", "event": "Tavily Web search completed"}
{"module": "InterviewGraphBuilder", "analyst": "Dr. Maya Singh", "timestamp": "2025-11-01T09:02:40.967408Z", "level": "info", "event": "Generating expert answer"}
HTTP Request: POST https://api.openai.com/v1/chat/completions "HTTP/1.1 200 OK"
{"module": "InterviewGraphBuilder", "preview": "Expert: Astrology suggests that the positions of celestial bodies at the time of one\u2019s birth influence personality traits and life outcomes. However, there is an overwhelming lack of scientific suppor", "timestamp": "2025-11-01T09:02:44.752664Z", "level": "info", "event": "Expert answer generated successfully"}
{"module": "InterviewGraphBuilder", "message_count": 3, "timestamp": "2025-11-01T09:02:44.753671Z", "level": "info", "event": "Interview transcript saved"}
{"module": "InterviewGraphBuilder", "analyst": "James O'Connor", "timestamp": "2025-11-01T09:02:44.754673Z", "level": "info", "event": "Generating report section"}
HTTP Request: POST https://api.openai.com/v1/chat/completions "HTTP/1.1 200 OK"
{"module": "InterviewGraphBuilder", "preview": "Expert: Astrology is often considered a framework through which individuals can explore personality traits and behaviors. Each zodiac sign is associated with specific characteristics that are believed", "timestamp": "2025-11-01T09:02:50.034615Z", "level": "info", "event": "Expert answer generated successfully"}
{"module": "InterviewGraphBuilder", "message_count": 3, "timestamp": "2025-11-01T09:02:50.034615Z", "level": "info", "event": "Interview transcript saved"}
{"module": "InterviewGraphBuilder", "analyst": "Dr. Celeste Harmon", "timestamp": "2025-11-01T09:02:50.035615Z", "level": "info", "event": "Generating report section"}
HTTP Request: POST https://api.openai.com/v1/chat/completions "HTTP/1.1 200 OK"
{"module": "InterviewGraphBuilder", "preview": "Expert: Astrology has historically played a significant role in shaping cultural identities across various societies. Its influence can be traced back to ancient civilizations, where it was used as a ", "timestamp": "2025-11-01T09:02:50.418067Z", "level": "info", "event": "Expert answer generated successfully"}
{"module": "InterviewGraphBuilder", "message_count": 3, "timestamp": "2025-11-01T09:02:50.419275Z", "level": "info", "event": "Interview transcript saved"}
{"module": "InterviewGraphBuilder", "analyst": "Dr. Maya Singh", "timestamp": "2025-11-01T09:02:50.420287Z", "level": "info", "event": "Generating report section"}
HTTP Request: POST https://api.openai.com/v1/chat/completions "HTTP/1.1 200 OK"
{"module": "InterviewGraphBuilder", "length": 4111, "timestamp": "2025-11-01T09:02:59.302300Z", "level": "info", "event": "Report section generated successfully"}
HTTP Request: POST https://api.openai.com/v1/chat/completions "HTTP/1.1 200 OK"
{"module": "InterviewGraphBuilder", "length": 3651, "timestamp": "2025-11-01T09:03:01.854218Z", "level": "info", "event": "Report section generated successfully"}
HTTP Request: POST https://api.openai.com/v1/chat/completions "HTTP/1.1 200 OK"
{"module": "InterviewGraphBuilder", "length": 4150, "timestamp": "2025-11-01T09:03:09.679377Z", "level": "info", "event": "Report section generated successfully"}
{"module": "AutonomousReportGenerator", "topic": "Let's talk about astrology, how it is a backbone in human nature and behaviour", "timestamp": "2025-11-01T09:03:09.681372Z", "level": "info", "event": "Generating conclusion"}
{"module": "AutonomousReportGenerator", "topic": "Let's talk about astrology, how it is a backbone in human nature and behaviour", "timestamp": "2025-11-01T09:03:09.681372Z", "level": "info", "event": "Generating introduction"}
{"module": "AutonomousReportGenerator", "topic": "Let's talk about astrology, how it is a backbone in human nature and behaviour", "timestamp": "2025-11-01T09:03:09.681372Z", "level": "info", "event": "Writing report"}
HTTP Request: POST https://api.openai.com/v1/chat/completions "HTTP/1.1 200 OK"
{"module": "AutonomousReportGenerator", "length": 828, "timestamp": "2025-11-01T09:03:12.317961Z", "level": "info", "event": "Introduction generated"}
HTTP Request: POST https://api.openai.com/v1/chat/completions "HTTP/1.1 200 OK"
{"module": "AutonomousReportGenerator", "length": 927, "timestamp": "2025-11-01T09:03:13.431504Z", "level": "info", "event": "Conclusion generated"}
HTTP Request: POST https://api.openai.com/v1/chat/completions "HTTP/1.1 200 OK"
{"module": "AutonomousReportGenerator", "timestamp": "2025-11-01T09:03:44.849469Z", "level": "info", "event": "Report written successfully"}
{"module": "AutonomousReportGenerator", "timestamp": "2025-11-01T09:03:44.850472Z", "level": "info", "event": "Finalizing report compilation"}
{"module": "AutonomousReportGenerator", "timestamp": "2025-11-01T09:03:44.850472Z", "level": "info", "event": "Report finalized"}
{"module": "AutonomousReportGenerator", "topic": "Let's talk about astrology, how it is a backbone in human nature and behaviour", "format": "docx", "timestamp": "2025-11-01T09:03:44.852474Z", "level": "info", "event": "Saving report"}
{"module": "AutonomousReportGenerator", "path": "C:\\Users\\shank\\Downloads\\LLMOPs\\My_Code\\AutomatedResearchReportGeneration\\generated_report\\Let_s_talk_about_astrology_how_it_is_a_backbone_in_human_nat_50da78a4_20251101_143344\\Let_s_talk_about_astrology_how_it_is_a_backbone_in_human_nat_50da78a4_20251101_143344.docx", "error": "[Errno 2] No such file or directory: 'C:\\\\Users\\\\shank\\\\Downloads\\\\LLMOPs\\\\My_Code\\\\AutomatedResearchReportGeneration\\\\generated_report\\\\Let_s_talk_about_astrology_how_it_is_a_backbone_in_human_nat_50da78a4_20251101_143344\\\\Let_s_talk_about_astrology_how_it_is_a_backbone_in_human_nat_50da78a4_20251101_143344.docx'", "timestamp": "2025-11-01T09:03:44.870965Z", "level": "error", "event": "DOCX save failed"}
{"module": "AutonomousReportGenerator", "error": "Error in [C:\\Users\\shank\\AppData\\Roaming\\uv\\python\\cpython-3.11.13-windows-x86_64-none\\Lib\\zipfile.py] at line [1295] | Message: Error saving DOCX report\nTraceback:\nTraceback (most recent call last):\n  File \"C:\\Users\\shank\\Downloads\\LLMOPs\\My_Code\\AutomatedResearchReportGeneration\\research_and_analyst\\workflows\\report_generator_workflow.py\", line 240, in _save_as_docx\n    doc.save(file_path)\n  File \"C:\\Users\\shank\\Downloads\\LLMOPs\\My_Code\\AutomatedResearchReportGeneration\\.venv\\Lib\\site-packages\\docx\\document.py\", line 204, in save\n    self._part.save(path_or_stream)\n  File \"C:\\Users\\shank\\Downloads\\LLMOPs\\My_Code\\AutomatedResearchReportGeneration\\.venv\\Lib\\site-packages\\docx\\parts\\document.py\", line 114, in save\n    self.package.save(path_or_stream)\n  File \"C:\\Users\\shank\\Downloads\\LLMOPs\\My_Code\\AutomatedResearchReportGeneration\\.venv\\Lib\\site-packages\\docx\\opc\\package.py\", line 166, in save\n    PackageWriter.write(pkg_file, self.rels, self.parts)\n  File \"C:\\Users\\shank\\Downloads\\LLMOPs\\My_Code\\AutomatedResearchReportGeneration\\.venv\\Lib\\site-packages\\docx\\opc\\pkgwriter.py\", line 34, in write\n    phys_writer = PhysPkgWriter(pkg_file)\n                  ^^^^^^^^^^^^^^^^^^^^^^^\n  File \"C:\\Users\\shank\\Downloads\\LLMOPs\\My_Code\\AutomatedResearchReportGeneration\\.venv\\Lib\\site-packages\\docx\\opc\\phys_pkg.py\", line 109, in __init__\n    self._zipf = ZipFile(pkg_file, \"w\", compression=ZIP_DEFLATED)\n                 ^^^^^^^^^^^^^^^^^^^^^^^^^^^^^^^^^^^^^^^^^^^^^^^^\n  File \"C:\\Users\\shank\\AppData\\Roaming\\uv\\python\\cpython-3.11.13-windows-x86_64-none\\Lib\\zipfile.py\", line 1295, in __init__\n    self.fp = io.open(file, filemode)\n              ^^^^^^^^^^^^^^^^^^^^^^^\nFileNotFoundError: [Errno 2] No such file or directory: 'C:\\\\Users\\\\shank\\\\Downloads\\\\LLMOPs\\\\My_Code\\\\AutomatedResearchReportGeneration\\\\generated_report\\\\Let_s_talk_about_astrology_how_it_is_a_backbone_in_human_nat_50da78a4_20251101_143344\\\\Let_s_talk_about_astrology_how_it_is_a_backbone_in_human_nat_50da78a4_20251101_143344.docx'\n", "timestamp": "2025-11-01T09:03:44.871978Z", "level": "error", "event": "Error saving report"}
{"module": "ReportService", "error": "Error in [C:\\Users\\shank\\Downloads\\LLMOPs\\My_Code\\AutomatedResearchReportGeneration\\research_and_analyst\\workflows\\report_generator_workflow.py] at line [243] | Message: Failed to save report file\nTraceback:\nTraceback (most recent call last):\n  File \"C:\\Users\\shank\\Downloads\\LLMOPs\\My_Code\\AutomatedResearchReportGeneration\\research_and_analyst\\workflows\\report_generator_workflow.py\", line 240, in _save_as_docx\n    doc.save(file_path)\n  File \"C:\\Users\\shank\\Downloads\\LLMOPs\\My_Code\\AutomatedResearchReportGeneration\\.venv\\Lib\\site-packages\\docx\\document.py\", line 204, in save\n    self._part.save(path_or_stream)\n  File \"C:\\Users\\shank\\Downloads\\LLMOPs\\My_Code\\AutomatedResearchReportGeneration\\.venv\\Lib\\site-packages\\docx\\parts\\document.py\", line 114, in save\n    self.package.save(path_or_stream)\n  File \"C:\\Users\\shank\\Downloads\\LLMOPs\\My_Code\\AutomatedResearchReportGeneration\\.venv\\Lib\\site-packages\\docx\\opc\\package.py\", line 166, in save\n    PackageWriter.write(pkg_file, self.rels, self.parts)\n  File \"C:\\Users\\shank\\Downloads\\LLMOPs\\My_Code\\AutomatedResearchReportGeneration\\.venv\\Lib\\site-packages\\docx\\opc\\pkgwriter.py\", line 34, in write\n    phys_writer = PhysPkgWriter(pkg_file)\n                  ^^^^^^^^^^^^^^^^^^^^^^^\n  File \"C:\\Users\\shank\\Downloads\\LLMOPs\\My_Code\\AutomatedResearchReportGeneration\\.venv\\Lib\\site-packages\\docx\\opc\\phys_pkg.py\", line 109, in __init__\n    self._zipf = ZipFile(pkg_file, \"w\", compression=ZIP_DEFLATED)\n                 ^^^^^^^^^^^^^^^^^^^^^^^^^^^^^^^^^^^^^^^^^^^^^^^^\n  File \"C:\\Users\\shank\\AppData\\Roaming\\uv\\python\\cpython-3.11.13-windows-x86_64-none\\Lib\\zipfile.py\", line 1295, in __init__\n    self.fp = io.open(file, filemode)\n              ^^^^^^^^^^^^^^^^^^^^^^^\nFileNotFoundError: [Errno 2] No such file or directory: 'C:\\\\Users\\\\shank\\\\Downloads\\\\LLMOPs\\\\My_Code\\\\AutomatedResearchReportGeneration\\\\generated_report\\\\Let_s_talk_about_astrology_how_it_is_a_backbone_in_human_nat_50da78a4_20251101_143344\\\\Let_s_talk_about_astrology_how_it_is_a_backbone_in_human_nat_50da78a4_20251101_143344.docx'\n\nDuring handling of the above exception, another exception occurred:\n\nTraceback (most recent call last):\n  File \"C:\\Users\\shank\\Downloads\\LLMOPs\\My_Code\\AutomatedResearchReportGeneration\\research_and_analyst\\workflows\\report_generator_workflow.py\", line 213, in save_report\n    self._save_as_docx(final_report, file_path)\n  File \"C:\\Users\\shank\\Downloads\\LLMOPs\\My_Code\\AutomatedResearchReportGeneration\\research_and_analyst\\workflows\\report_generator_workflow.py\", line 243, in _save_as_docx\n    raise ResearchAnalystException(\"Error saving DOCX report\", e)\nresearch_and_analyst.exception.custom_exception.ResearchAnalystException: Error in [C:\\Users\\shank\\AppData\\Roaming\\uv\\python\\cpython-3.11.13-windows-x86_64-none\\Lib\\zipfile.py] at line [1295] | Message: Error saving DOCX report\nTraceback:\nTraceback (most recent call last):\n  File \"C:\\Users\\shank\\Downloads\\LLMOPs\\My_Code\\AutomatedResearchReportGeneration\\research_and_analyst\\workflows\\report_generator_workflow.py\", line 240, in _save_as_docx\n    doc.save(file_path)\n  File \"C:\\Users\\shank\\Downloads\\LLMOPs\\My_Code\\AutomatedResearchReportGeneration\\.venv\\Lib\\site-packages\\docx\\document.py\", line 204, in save\n    self._part.save(path_or_stream)\n  File \"C:\\Users\\shank\\Downloads\\LLMOPs\\My_Code\\AutomatedResearchReportGeneration\\.venv\\Lib\\site-packages\\docx\\parts\\document.py\", line 114, in save\n    self.package.save(path_or_stream)\n  File \"C:\\Users\\shank\\Downloads\\LLMOPs\\My_Code\\AutomatedResearchReportGeneration\\.venv\\Lib\\site-packages\\docx\\opc\\package.py\", line 166, in save\n    PackageWriter.write(pkg_file, self.rels, self.parts)\n  File \"C:\\Users\\shank\\Downloads\\LLMOPs\\My_Code\\AutomatedResearchReportGeneration\\.venv\\Lib\\site-packages\\docx\\opc\\pkgwriter.py\", line 34, in write\n    phys_writer = PhysPkgWriter(pkg_file)\n                  ^^^^^^^^^^^^^^^^^^^^^^^\n  File \"C:\\Users\\shank\\Downloads\\LLMOPs\\My_Code\\AutomatedResearchReportGeneration\\.venv\\Lib\\site-packages\\docx\\opc\\phys_pkg.py\", line 109, in __init__\n    self._zipf = ZipFile(pkg_file, \"w\", compression=ZIP_DEFLATED)\n                 ^^^^^^^^^^^^^^^^^^^^^^^^^^^^^^^^^^^^^^^^^^^^^^^^\n  File \"C:\\Users\\shank\\AppData\\Roaming\\uv\\python\\cpython-3.11.13-windows-x86_64-none\\Lib\\zipfile.py\", line 1295, in __init__\n    self.fp = io.open(file, filemode)\n              ^^^^^^^^^^^^^^^^^^^^^^^\nFileNotFoundError: [Errno 2] No such file or directory: 'C:\\\\Users\\\\shank\\\\Downloads\\\\LLMOPs\\\\My_Code\\\\AutomatedResearchReportGeneration\\\\generated_report\\\\Let_s_talk_about_astrology_how_it_is_a_backbone_in_human_nat_50da78a4_20251101_143344\\\\Let_s_talk_about_astrology_how_it_is_a_backbone_in_human_nat_50da78a4_20251101_143344.docx'\n\n", "timestamp": "2025-11-01T09:03:44.873964Z", "level": "error", "event": "Error fetching report status"}
